[    0.000000] Linux version 4.15.0-74-generic (buildd@lcy01-amd64-022) (gcc version 7.4.0 (Ubuntu 7.4.0-1ubuntu1~18.04.1)) #84-Ubuntu SMP Thu Dec 19 08:06:28 UTC 2019 (Ubuntu 4.15.0-74.84-generic 4.15.18)
[    0.000000] Command line: BOOT_IMAGE=/boot/vmlinuz-4.15.0-74-generic root=LABEL=cloudimg-rootfs ro console=tty1 console=ttyS0
[    0.000000] KERNEL supported cpus:
[    0.000000]   Intel GenuineIntel
[    0.000000]   AMD AuthenticAMD
[    0.000000]   Centaur CentaurHauls
[    0.000000] x86/fpu: Supporting XSAVE feature 0x001: 'x87 floating point registers'
[    0.000000] x86/fpu: Supporting XSAVE feature 0x002: 'SSE registers'
[    0.000000] x86/fpu: Supporting XSAVE feature 0x004: 'AVX registers'
[    0.000000] x86/fpu: xstate_offset[2]:  576, xstate_sizes[2]:  256
[    0.000000] x86/fpu: Enabled xstate features 0x7, context size is 832 bytes, using 'standard' format.
[    0.000000] e820: BIOS-provided physical RAM map:
[    0.000000] BIOS-e820: [mem 0x0000000000000000-0x000000000009fbff] usable
[    0.000000] BIOS-e820: [mem 0x000000000009fc00-0x000000000009ffff] reserved
[    0.000000] BIOS-e820: [mem 0x00000000000f0000-0x00000000000fffff] reserved
[    0.000000] BIOS-e820: [mem 0x0000000000100000-0x00000000dffeffff] usable
[    0.000000] BIOS-e820: [mem 0x00000000dfff0000-0x00000000dfffffff] ACPI data
[    0.000000] BIOS-e820: [mem 0x00000000fec00000-0x00000000fec00fff] reserved
[    0.000000] BIOS-e820: [mem 0x00000000fee00000-0x00000000fee00fff] reserved
[    0.000000] BIOS-e820: [mem 0x00000000fffc0000-0x00000000ffffffff] reserved
[    0.000000] BIOS-e820: [mem 0x0000000100000000-0x000000011fffffff] usable
[    0.000000] NX (Execute Disable) protection: active
[    0.000000] SMBIOS 2.5 present.
[    0.000000] DMI: innotek GmbH VirtualBox/VirtualBox, BIOS VirtualBox 12/01/2006
[    0.000000] Hypervisor detected: KVM
[    0.000000] e820: last_pfn = 0x120000 max_arch_pfn = 0x400000000
[    0.000000] MTRR: Disabled
[    0.000000] x86/PAT: MTRRs disabled, skipping PAT initialization too.
[    0.000000] CPU MTRRs all blank - virtualized system.
[    0.000000] x86/PAT: Configuration [0-7]: WB  WT  UC- UC  WB  WT  UC- UC  
[    0.000000] e820: last_pfn = 0xdfff0 max_arch_pfn = 0x400000000
[    0.000000] found SMP MP-table at [mem 0x0009fff0-0x0009ffff]
[    0.000000] Scanning 1 areas for low memory corruption
[    0.000000] RAMDISK: [mem 0x35a6f000-0x36d2efff]
[    0.000000] ACPI: Early table checksum verification disabled
[    0.000000] ACPI: RSDP 0x00000000000E0000 000024 (v02 VBOX  )
[    0.000000] ACPI: XSDT 0x00000000DFFF0030 00003C (v01 VBOX   VBOXXSDT 00000001 ASL  00000061)
[    0.000000] ACPI: FACP 0x00000000DFFF00F0 0000F4 (v04 VBOX   VBOXFACP 00000001 ASL  00000061)
[    0.000000] ACPI: DSDT 0x00000000DFFF0470 0022EA (v02 VBOX   VBOXBIOS 00000002 INTL 20100528)
[    0.000000] ACPI: FACS 0x00000000DFFF0200 000040
[    0.000000] ACPI: FACS 0x00000000DFFF0200 000040
[    0.000000] ACPI: APIC 0x00000000DFFF0240 00005C (v02 VBOX   VBOXAPIC 00000001 ASL  00000061)
[    0.000000] ACPI: SSDT 0x00000000DFFF02A0 0001CC (v01 VBOX   VBOXCPUT 00000002 INTL 20100528)
[    0.000000] No NUMA configuration found
[    0.000000] Faking a node at [mem 0x0000000000000000-0x000000011fffffff]
[    0.000000] NODE_DATA(0) allocated [mem 0x11ffd1000-0x11fffbfff]
[    0.000000] kvm-clock: cpu 0, msr 1:1ff50001, primary cpu clock
[    0.000000] kvm-clock: Using msrs 4b564d01 and 4b564d00
[    0.000000] kvm-clock: using sched offset of 12484118669 cycles
[    0.000000] clocksource: kvm-clock: mask: 0xffffffffffffffff max_cycles: 0x1cd42e4dffb, max_idle_ns: 881590591483 ns
[    0.000000] Zone ranges:
[    0.000000]   DMA      [mem 0x0000000000001000-0x0000000000ffffff]
[    0.000000]   DMA32    [mem 0x0000000001000000-0x00000000ffffffff]
[    0.000000]   Normal   [mem 0x0000000100000000-0x000000011fffffff]
[    0.000000]   Device   empty
[    0.000000] Movable zone start for each node
[    0.000000] Early memory node ranges
[    0.000000]   node   0: [mem 0x0000000000001000-0x000000000009efff]
[    0.000000]   node   0: [mem 0x0000000000100000-0x00000000dffeffff]
[    0.000000]   node   0: [mem 0x0000000100000000-0x000000011fffffff]
[    0.000000] Reserved but unavailable: 98 pages
[    0.000000] Initmem setup node 0 [mem 0x0000000000001000-0x000000011fffffff]
[    0.000000] ACPI: PM-Timer IO Port: 0x4008
[    0.000000] IOAPIC[0]: apic_id 2, version 32, address 0xfec00000, GSI 0-23
[    0.000000] ACPI: INT_SRC_OVR (bus 0 bus_irq 0 global_irq 2 dfl dfl)
[    0.000000] ACPI: INT_SRC_OVR (bus 0 bus_irq 9 global_irq 9 low level)
[    0.000000] Using ACPI (MADT) for SMP configuration information
[    0.000000] smpboot: Allowing 2 CPUs, 0 hotplug CPUs
[    0.000000] PM: Registered nosave memory: [mem 0x00000000-0x00000fff]
[    0.000000] PM: Registered nosave memory: [mem 0x0009f000-0x0009ffff]
[    0.000000] PM: Registered nosave memory: [mem 0x000a0000-0x000effff]
[    0.000000] PM: Registered nosave memory: [mem 0x000f0000-0x000fffff]
[    0.000000] PM: Registered nosave memory: [mem 0xdfff0000-0xdfffffff]
[    0.000000] PM: Registered nosave memory: [mem 0xe0000000-0xfebfffff]
[    0.000000] PM: Registered nosave memory: [mem 0xfec00000-0xfec00fff]
[    0.000000] PM: Registered nosave memory: [mem 0xfec01000-0xfedfffff]
[    0.000000] PM: Registered nosave memory: [mem 0xfee00000-0xfee00fff]
[    0.000000] PM: Registered nosave memory: [mem 0xfee01000-0xfffbffff]
[    0.000000] PM: Registered nosave memory: [mem 0xfffc0000-0xffffffff]
[    0.000000] e820: [mem 0xe0000000-0xfebfffff] available for PCI devices
[    0.000000] Booting paravirtualized kernel on KVM
[    0.000000] clocksource: refined-jiffies: mask: 0xffffffff max_cycles: 0xffffffff, max_idle_ns: 7645519600211568 ns
[    0.000000] random: get_random_bytes called from start_kernel+0x99/0x4fd with crng_init=0
[    0.000000] setup_percpu: NR_CPUS:8192 nr_cpumask_bits:2 nr_cpu_ids:2 nr_node_ids:1
[    0.000000] percpu: Embedded 45 pages/cpu s147456 r8192 d28672 u1048576
[    0.000000] PV qspinlock hash table entries: 256 (order: 0, 4096 bytes)
[    0.000000] Built 1 zonelists, mobility grouping on.  Total pages: 1032057
[    0.000000] Policy zone: Normal
[    0.000000] Kernel command line: BOOT_IMAGE=/boot/vmlinuz-4.15.0-74-generic root=LABEL=cloudimg-rootfs ro console=tty1 console=ttyS0
[    0.000000] Memory: 4013688K/4193848K available (12300K kernel code, 2481K rwdata, 4260K rodata, 2428K init, 2704K bss, 180160K reserved, 0K cma-reserved)
[    0.000000] SLUB: HWalign=64, Order=0-3, MinObjects=0, CPUs=2, Nodes=1
[    0.000000] Kernel/User page tables isolation: enabled
[    0.000000] ftrace: allocating 39322 entries in 154 pages
[    0.004000] Hierarchical RCU implementation.
[    0.004000] 	RCU restricting CPUs from NR_CPUS=8192 to nr_cpu_ids=2.
[    0.004000] 	Tasks RCU enabled.
[    0.004000] RCU: Adjusting geometry for rcu_fanout_leaf=16, nr_cpu_ids=2
[    0.004000] NR_IRQS: 524544, nr_irqs: 440, preallocated irqs: 16
[    0.004000] Console: colour VGA+ 80x25
[    0.004000] console [tty1] enabled
[    0.004000] console [ttyS0] enabled
[    0.004000] ACPI: Core revision 20170831
[    0.004000] ACPI: 2 ACPI AML tables successfully acquired and loaded
[    0.004000] APIC: Switch to symmetric I/O mode setup
[    0.004000] x2apic enabled
[    0.004000] Switched APIC routing to physical x2apic.
[    0.006330] ..TIMER: vector=0x30 apic1=0 pin1=2 apic2=-1 pin2=-1
[    0.008005] tsc: Detected 2904.002 MHz processor
[    0.009179] Calibrating delay loop (skipped) preset value.. 5808.00 BogoMIPS (lpj=11616008)
[    0.012006] pid_max: default: 32768 minimum: 301
[    0.013302] Security Framework initialized
[    0.014415] Yama: becoming mindful.
[    0.016035] AppArmor: AppArmor initialized
[    0.024175] Dentry cache hash table entries: 524288 (order: 10, 4194304 bytes)
[    0.032165] Inode-cache hash table entries: 262144 (order: 9, 2097152 bytes)
[    0.036041] Mount-cache hash table entries: 8192 (order: 4, 65536 bytes)
[    0.037814] Mountpoint-cache hash table entries: 8192 (order: 4, 65536 bytes)
[    0.040000] Last level iTLB entries: 4KB 64, 2MB 8, 4MB 8
[    0.040003] Last level dTLB entries: 4KB 64, 2MB 0, 4MB 0, 1GB 4
[    0.041198] Spectre V1 : Mitigation: usercopy/swapgs barriers and __user pointer sanitization
[    0.042856] Spectre V2 : Mitigation: Full generic retpoline
[    0.044001] Spectre V2 : Spectre v2 / SpectreRSB mitigation: Filling RSB on context switch
[    0.046236] Speculative Store Bypass: Vulnerable
[    0.048035] MDS: Mitigation: Clear CPU buffers
[    0.049916] Freeing SMP alternatives memory: 36K
[    0.162101] smpboot: CPU0: Intel(R) Core(TM) i7-7500U CPU @ 2.70GHz (family: 0x6, model: 0x8e, stepping: 0x9)
[    0.164000] Performance Events: unsupported p6 CPU model 142 no PMU driver, software events only.
[    0.164032] Hierarchical SRCU implementation.
[    0.165423] NMI watchdog: Perf event create on CPU 0 failed with -2
[    0.166703] NMI watchdog: Perf NMI watchdog permanently disabled
[    0.168041] smp: Bringing up secondary CPUs ...
[    0.172066] x86: Booting SMP configuration:
[    0.172999] .... node  #0, CPUs:      #1
[    0.004000] kvm-clock: cpu 1, msr 1:1ff50041, secondary cpu clock
[    0.178765] smp: Brought up 1 node, 2 CPUs
[    0.178765] smpboot: Max logical packages: 1
[    0.180005] smpboot: Total of 2 processors activated (11616.00 BogoMIPS)
[    0.182351] devtmpfs: initialized
[    0.182351] x86/mm: Memory block size: 128MB
[    0.184361] evm: security.selinux
[    0.185016] evm: security.SMACK64
[    0.185745] evm: security.SMACK64EXEC
[    0.188002] evm: security.SMACK64TRANSMUTE
[    0.188776] evm: security.SMACK64MMAP
[    0.189482] evm: security.apparmor
[    0.190173] evm: security.ima
[    0.190791] evm: security.capability
[    0.192011] clocksource: jiffies: mask: 0xffffffff max_cycles: 0xffffffff, max_idle_ns: 7645041785100000 ns
[    0.193816] futex hash table entries: 512 (order: 3, 32768 bytes)
[    0.195052] pinctrl core: initialized pinctrl subsystem
[    0.196024] RTC time:  7:30:47, date: 01/30/20
[    0.196984] NET: Registered protocol family 16
[    0.197893] audit: initializing netlink subsys (disabled)
[    0.198956] audit: type=2000 audit(1580369461.245:1): state=initialized audit_enabled=0 res=1
[    0.200015] cpuidle: using governor ladder
[    0.201065] cpuidle: using governor menu
[    0.202150] ACPI: bus type PCI registered
[    0.204004] acpiphp: ACPI Hot Plug PCI Controller Driver version: 0.5
[    0.205643] PCI: Using configuration type 1 for base access
[    0.209506] HugeTLB registered 2.00 MiB page size, pre-allocated 0 pages
[    0.212095] ACPI: Added _OSI(Module Device)
[    0.213161] ACPI: Added _OSI(Processor Device)
[    0.214269] ACPI: Added _OSI(3.0 _SCP Extensions)
[    0.216005] ACPI: Added _OSI(Processor Aggregator Device)
[    0.217165] ACPI: Added _OSI(Linux-Dell-Video)
[    0.218066] ACPI: Added _OSI(Linux-Lenovo-NV-HDMI-Audio)
[    0.219112] ACPI: Added _OSI(Linux-HPI-Hybrid-Graphics)
[    0.220344] ACPI: Executed 1 blocks of module-level executable AML code
[    0.226659] ACPI: Interpreter enabled
[    0.227677] ACPI: (supports S0 S5)
[    0.228004] ACPI: Using IOAPIC for interrupt routing
[    0.229341] PCI: Using host bridge windows from ACPI; if necessary, use "pci=nocrs" and report a bug
[    0.231284] ACPI: Enabled 2 GPEs in block 00 to 07
[    0.241664] ACPI: PCI Root Bridge [PCI0] (domain 0000 [bus 00-ff])
[    0.243171] acpi PNP0A03:00: _OSC: OS supports [ASPM ClockPM Segments MSI]
[    0.244582] acpi PNP0A03:00: _OSC: not requesting OS control; OS requires [ExtendedConfig ASPM ClockPM MSI]
[    0.246425] acpi PNP0A03:00: fail to add MMCONFIG information, can't access extended PCI configuration space under this bridge.
[    0.248431] PCI host bridge to bus 0000:00
[    0.249301] pci_bus 0000:00: root bus resource [io  0x0000-0x0cf7 window]
[    0.252005] pci_bus 0000:00: root bus resource [io  0x0d00-0xffff window]
[    0.253608] pci_bus 0000:00: root bus resource [mem 0x000a0000-0x000bffff window]
[    0.255520] pci_bus 0000:00: root bus resource [mem 0xe0000000-0xfdffffff window]
[    0.256005] pci_bus 0000:00: root bus resource [bus 00-ff]
[    0.260764] pci 0000:00:01.1: legacy IDE quirk: reg 0x10: [io  0x01f0-0x01f7]
[    0.262083] pci 0000:00:01.1: legacy IDE quirk: reg 0x14: [io  0x03f6]
[    0.263319] pci 0000:00:01.1: legacy IDE quirk: reg 0x18: [io  0x0170-0x0177]
[    0.264005] pci 0000:00:01.1: legacy IDE quirk: reg 0x1c: [io  0x0376]
[    0.332111] pci 0000:00:07.0: quirk: [io  0x4000-0x403f] claimed by PIIX4 ACPI
[    0.334137] pci 0000:00:07.0: quirk: [io  0x4100-0x410f] claimed by PIIX4 SMB
[    0.382033] ACPI: PCI Interrupt Link [LNKA] (IRQs 5 9 10 *11)
[    0.384513] ACPI: PCI Interrupt Link [LNKB] (IRQs 5 9 *10 11)
[    0.386198] ACPI: PCI Interrupt Link [LNKC] (IRQs 5 *9 10 11)
[    0.388183] ACPI: PCI Interrupt Link [LNKD] (IRQs 5 9 10 *11)
[    0.390288] SCSI subsystem initialized
[    0.391204] pci 0000:00:02.0: vgaarb: setting as boot VGA device
[    0.391204] pci 0000:00:02.0: vgaarb: VGA device added: decodes=io+mem,owns=io+mem,locks=none
[    0.392007] pci 0000:00:02.0: vgaarb: bridge control possible
[    0.396002] vgaarb: loaded
[    0.396997] ACPI: bus type USB registered
[    0.400025] usbcore: registered new interface driver usbfs
[    0.402304] usbcore: registered new interface driver hub
[    0.404027] usbcore: registered new device driver usb
[    0.405674] EDAC MC: Ver: 3.0.0
[    0.405674] PCI: Using ACPI for IRQ routing
[    0.408324] NetLabel: Initializing
[    0.409100] NetLabel:  domain hash size = 128
[    0.410069] NetLabel:  protocols = UNLABELED CIPSOv4 CALIPSO
[    0.411171] NetLabel:  unlabeled traffic allowed by default
[    0.412074] clocksource: Switched to clocksource kvm-clock
[    0.451761] VFS: Disk quotas dquot_6.6.0
[    0.452573] VFS: Dquot-cache hash table entries: 512 (order 0, 4096 bytes)
[    0.453910] AppArmor: AppArmor Filesystem Enabled
[    0.454927] pnp: PnP ACPI init
[    0.456832] pnp: PnP ACPI: found 3 devices
[    0.466092] clocksource: acpi_pm: mask: 0xffffff max_cycles: 0xffffff, max_idle_ns: 2085701024 ns
[    0.467963] NET: Registered protocol family 2
[    0.469048] TCP established hash table entries: 32768 (order: 6, 262144 bytes)
[    0.470555] TCP bind hash table entries: 32768 (order: 7, 524288 bytes)
[    0.471863] TCP: Hash tables configured (established 32768 bind 32768)
[    0.473355] UDP hash table entries: 2048 (order: 4, 65536 bytes)
[    0.474500] UDP-Lite hash table entries: 2048 (order: 4, 65536 bytes)
[    0.475852] NET: Registered protocol family 1
[    0.477014] pci 0000:00:00.0: Limiting direct PCI/PCI transfers
[    0.478279] pci 0000:00:01.0: Activating ISA DMA hang workarounds
[    0.479600] pci 0000:00:02.0: Video device with shadowed ROM at [mem 0x000c0000-0x000dffff]
[    0.481372] Unpacking initramfs...
[    0.899699] Freeing initrd memory: 19200K
[    0.900655] PCI-DMA: Using software bounce buffering for IO (SWIOTLB)
[    0.901915] software IO TLB: mapped [mem 0xdbff0000-0xdfff0000] (64MB)
[    0.903300] clocksource: tsc: mask: 0xffffffffffffffff max_cycles: 0x29dc079b5d9, max_idle_ns: 440795223751 ns
[    0.905375] platform rtc_cmos: registered platform RTC device (no PNP device found)
[    0.906955] Scanning for low memory corruption every 60 seconds
[    0.910038] Initialise system trusted keyrings
[    0.911067] Key type blacklist registered
[    0.912159] workingset: timestamp_bits=36 max_order=20 bucket_order=0
[    0.914693] zbud: loaded
[    0.923002] squashfs: version 4.0 (2009/01/31) Phillip Lougher
[    0.924679] fuse init (API version 7.26)
[    0.928718] Key type asymmetric registered
[    0.929510] Asymmetric key parser 'x509' registered
[    0.930451] Block layer SCSI generic (bsg) driver version 0.4 loaded (major 246)
[    0.931923] io scheduler noop registered
[    0.932887] io scheduler deadline registered
[    0.933732] io scheduler cfq registered (default)
[    0.934902] ACPI: AC Adapter [AC] (on-line)
[    0.935748] input: Power Button as /devices/LNXSYSTM:00/LNXPWRBN:00/input/input0
[    0.937338] ACPI: Power Button [PWRF]
[    0.938148] input: Sleep Button as /devices/LNXSYSTM:00/LNXSLPBN:00/input/input1
[    0.939550] ACPI: Sleep Button [SLPF]
[    0.941298] ACPI: Battery Slot [BAT0] (battery present)
[    0.942447] Serial: 8250/16550 driver, 32 ports, IRQ sharing enabled
[    0.964546] 00:02: ttyS0 at I/O 0x3f8 (irq = 4, base_baud = 115200) is a 16550A
[    0.970083] Linux agpgart interface v0.103
[    0.979768] loop: module loaded
[    0.981216] scsi host0: ata_piix
[    0.982208] scsi host1: ata_piix
[    0.983064] ata1: PATA max UDMA/33 cmd 0x1f0 ctl 0x3f6 bmdma 0xd000 irq 14
[    0.984624] ata2: PATA max UDMA/33 cmd 0x170 ctl 0x376 bmdma 0xd008 irq 15
[    0.986678] libphy: Fixed MDIO Bus: probed
[    0.987879] tun: Universal TUN/TAP device driver, 1.6
[    0.989272] PPP generic driver version 2.4.2
[    0.990560] ehci_hcd: USB 2.0 'Enhanced' Host Controller (EHCI) Driver
[    0.991876] ehci-pci: EHCI PCI platform driver
[    0.992878] ehci-platform: EHCI generic platform driver
[    0.993957] ohci_hcd: USB 1.1 'Open' Host Controller (OHCI) Driver
[    0.995190] ohci-pci: OHCI PCI platform driver
[    0.996127] ohci-platform: OHCI generic platform driver
[    0.997214] uhci_hcd: USB Universal Host Controller Interface driver
[    0.998511] i8042: PNP: PS/2 Controller [PNP0303:PS2K,PNP0f03:PS2M] at 0x60,0x64 irq 1,12
[    1.000710] serio: i8042 KBD port at 0x60,0x64 irq 1
[    1.001855] serio: i8042 AUX port at 0x60,0x64 irq 12
[    1.003216] mousedev: PS/2 mouse device common for all mice
[    1.005316] rtc_cmos rtc_cmos: rtc core: registered rtc_cmos as rtc0
[    1.006886] rtc_cmos rtc_cmos: alarms up to one day, 114 bytes nvram
[    1.008372] i2c /dev entries driver
[    1.009254] input: AT Translated Set 2 keyboard as /devices/platform/i8042/serio0/input/input2
[    1.011182] device-mapper: uevent: version 1.0.3
[    1.012371] device-mapper: ioctl: 4.37.0-ioctl (2017-09-20) initialised: dm-devel@redhat.com
[    1.014593] ledtrig-cpu: registered to indicate activity on CPUs
[    1.016146] NET: Registered protocol family 10
[    1.020268] Segment Routing with IPv6
[    1.021009] NET: Registered protocol family 17
[    1.021889] Key type dns_resolver registered
[    1.022980] mce: Using 0 MCE banks
[    1.024008] RAS: Correctable Errors collector initialized.
[    1.025840] sched_clock: Marking stable (1025793916, 0)->(1749782259, -723988343)
[    1.028793] registered taskstats version 1
[    1.029763] Loading compiled-in X.509 certificates
[    1.032821] Loaded X.509 cert 'Build time autogenerated kernel key: 62d24f9c726e026b112735485dad6e6e4b50c923'
[    1.034886] zswap: loaded using pool lzo/zbud
[    1.039333] Key type big_key registered
[    1.040594] Key type trusted registered
[    1.043131] Key type encrypted registered
[    1.044472] AppArmor: AppArmor sha1 policy hashing enabled
[    1.046230] ima: No TPM chip found, activating TPM-bypass! (rc=-19)
[    1.048037] ima: Allocated hash algorithm: sha1
[    1.049685] evm: HMAC attrs: 0x1
[    1.051218]   Magic number: 4:442:522
[    1.052636] rtc_cmos rtc_cmos: setting system clock to 2020-01-30 07:30:48 UTC (1580369448)
[    1.055662] BIOS EDD facility v0.16 2004-Jun-25, 0 devices found
[    1.057625] EDD information not available.
[    1.146789] Freeing unused kernel image memory: 2428K
[    1.156974] Write protecting the kernel read-only data: 20480k
[    1.159032] Freeing unused kernel image memory: 2008K
[    1.160837] Freeing unused kernel image memory: 1884K
[    1.171505] x86/mm: Checked W+X mappings: passed, no W+X pages found.
[    1.173148] x86/mm: Checking user space page tables
[    1.182062] x86/mm: Checked W+X mappings: passed, no W+X pages found.
Loading, please wait...
starting version 237
[    1.270984] e1000: Intel(R) PRO/1000 Network Driver - version 7.3.21-k8-NAPI
[    1.272405] e1000: Copyright (c) 1999-2006 Intel Corporation.
[    1.278586] Fusion MPT base driver 3.04.20
[    1.279790] Copyright (c) 1999-2008 LSI Corporation
[    1.289028] Fusion MPT SPI Host driver 3.04.20
[    1.292874] AVX2 version of gcm_enc/dec engaged.
[    1.294258] AES CTR mode by8 optimization enabled
[    1.492127] input: ImExPS/2 Generic Explorer Mouse as /devices/platform/i8042/serio1/input/input4
[    1.695729] e1000 0000:00:03.0 eth0: (PCI:33MHz:32-bit) 02:22:e7:1f:39:14
[    1.697644] e1000 0000:00:03.0 eth0: Intel(R) PRO/1000 Network Connection
[    2.125686] e1000 0000:00:08.0 eth1: (PCI:33MHz:32-bit) 08:00:27:dd:df:21
[    2.127397] e1000 0000:00:08.0 eth1: Intel(R) PRO/1000 Network Connection
[    2.131097] e1000 0000:00:03.0 enp0s3: renamed from eth0
[    2.137249] mptbase: ioc0: Initiating bringup
[    2.142939] e1000 0000:00:08.0 enp0s8: renamed from eth1
[    2.246676] ioc0: LSI53C1030 A0: Capabilities={Initiator}
[    2.922141] scsi host2: ioc0: LSI53C1030 A0, FwRev=00000000h, Ports=1, MaxQ=256, IRQ=20
[    3.694435] scsi 2:0:0:0: Direct-Access     VBOX     HARDDISK         1.0  PQ: 0 ANSI: 5
[    3.847785] scsi target2:0:0: Beginning Domain Validation
[    3.854931] scsi target2:0:0: Domain Validation skipping write tests
[    3.857749] scsi target2:0:0: Ending Domain Validation
[    3.860214] scsi target2:0:0: asynchronous
[    3.863658] scsi 2:0:1:0: Direct-Access     VBOX     HARDDISK         1.0  PQ: 0 ANSI: 5
[    4.219909] scsi target2:0:1: Beginning Domain Validation
[    4.225264] random: fast init done
[    4.229096] scsi target2:0:1: Domain Validation skipping write tests
[    4.231984] scsi target2:0:1: Ending Domain Validation
[    4.235779] scsi target2:0:1: asynchronous
[    4.248107] random: systemd-udevd: uninitialized urandom read (16 bytes read)
[    4.250107] random: systemd-udevd: uninitialized urandom read (16 bytes read)
[    4.250170] sd 2:0:0:0: Attached scsi generic sg0 type 0
[    4.253433] random: systemd-udevd: uninitialized urandom read (16 bytes read)
[    4.257863] sd 2:0:0:0: [sda] 20971520 512-byte logical blocks: (10.7 GB/10.0 GiB)
[    4.260256] sd 2:0:0:0: [sda] Write Protect is off
[    4.260262] sd 2:0:1:0: Attached scsi generic sg1 type 0
[    4.265008] sd 2:0:1:0: [sdb] 20480 512-byte logical blocks: (10.5 MB/10.0 MiB)
[    4.267918] sd 2:0:1:0: [sdb] Write Protect is off
[    4.269729] sd 2:0:0:0: [sda] Incomplete mode parameter data
[    4.271664] sd 2:0:0:0: [sda] Assuming drive cache: write through
[    4.272116] sd 2:0:1:0: [sdb] Incomplete mode parameter data
[    4.276443] sd 2:0:1:0: [sdb] Assuming drive cache: write through
[    4.298877]  sda: sda1
[    4.300958] sd 2:0:0:0: [sda] Attached SCSI disk
[    4.319462] sd 2:0:1:0: [sdb] Attached SCSI disk
Begin: Loading essential drivers ... [    6.704296] raid6: sse2x1   gen() 11654 MB/s
[    6.752096] raid6: sse2x1   xor()  8190 MB/s
[    6.800437] raid6: sse2x2   gen() 14573 MB/s
[    6.848240] raid6: sse2x2   xor()  9716 MB/s
[    6.896082] raid6: sse2x4   gen() 16705 MB/s
[    6.944408] raid6: sse2x4   xor() 10165 MB/s
[    6.992163] raid6: avx2x1   gen() 23824 MB/s
[    7.040506] raid6: avx2x1   xor() 16618 MB/s
[    7.088309] raid6: avx2x2   gen() 28353 MB/s
[    7.136145] raid6: avx2x2   xor() 13652 MB/s
[    7.184012] raid6: avx2x4   gen() 23117 MB/s
[    7.232343] raid6: avx2x4   xor() 17006 MB/s
[    7.233252] raid6: using algorithm avx2x2 gen() 28353 MB/s
[    7.234301] raid6: .... xor() 13652 MB/s, rmw enabled
[    7.235282] raid6: using avx2x2 recovery algorithm
[    7.237874] xor: automatically using best checksumming function   avx       
[    7.241062] async_tx: api initialized (async)
done.
Begin: Running /scripts/init-premount ... done.
Begin: Mounting root file system ... Begin: Running /scripts/local-top ... done.
Begin: Running /scripts/local-premount ... [    7.298596] Btrfs loaded, crc32c=crc32c-intel
Scanning for Btrfs filesystems
done.
Warning: fsck not present, so skipping root file system
[    7.596790] EXT4-fs (sda1): mounted filesystem with ordered data mode. Opts: (null)
done.
Begin: Running /scripts/local-bottom ... done.
Begin: Running /scripts/init-bottom ... done.
[    8.852171] random: crng init done
[    8.855945] random: 7 urandom warning(s) missed due to ratelimiting
[    8.896439] ip_tables: (C) 2000-2006 Netfilter Core Team
[    9.019531] systemd[1]: systemd 237 running in system mode. (+PAM +AUDIT +SELINUX +IMA +APPARMOR +SMACK +SYSVINIT +UTMP +LIBCRYPTSETUP +GCRYPT +GNUTLS +ACL +XZ +LZ4 +SECCOMP +BLKID +ELFUTILS +KMOD -IDN2 +IDN -PCRE2 default-hierarchy=hybrid)
[    9.032185] systemd[1]: Detected virtualization oracle.
[    9.035092] systemd[1]: Detected architecture x86-64.

Welcome to [1mUbuntu 18.04.3 LTS[0m!

[    9.084258] systemd[1]: Set hostname to <ubuntu>.
[    9.151810] systemd[1]: Initializing machine ID from random generator.
[    9.156155] systemd[1]: Installed transient /etc/machine-id file.
[   12.432633] systemd[1]: Started Forward Password Requests to Wall Directory Watch.
[[0;32m  OK  [0m] Started Forward Password Requests to Wall Directory Watch.
[   12.435073] systemd[1]: Reached target User and Group Name Lookups.
[[0;32m  OK  [0m] Reached target User and Group Name Lookups.
[   12.437322] systemd[1]: Set up automount Arbitrary Executable File Formats File System Automount Point.
[[0;32m  OK  [0m] Set up automount Arbitrary Executab…rmats File System Automount Point.
[   12.457008] systemd[1]: Created slice User and Session Slice.
[[0;32m  OK  [0m] Created slice User and Session Slice.
[[0;32m  OK  [0m] Reached target System Time Synchronized.
[[0;32m  OK  [0m] Reached target Swap.
[[0;32m  OK  [0m] Created slice System Slice.
[[0;32m  OK  [0m] Listening on Journal Socket (/dev/log).
[[0;32m  OK  [0m] Listening on udev Control Socket.
[[0;32m  OK  [0m] Listening on LVM2 poll daemon socket.
[[0;32m  OK  [0m] Listening on /dev/initctl Compatibility Named Pipe.
[[0;32m  OK  [0m] Listening on udev Kernel Socket.
[[0;32m  OK  [0m] Listening on Syslog Socket.
[[0;32m  OK  [0m] Listening on Journal Audit Socket.
[[0;32m  OK  [0m] Reached target Slices.
[[0;32m  OK  [0m] Created slice system-serial\x2dgetty.slice.
[[0;32m  OK  [0m] Listening on Device-mapper event daemon FIFOs.
[[0;32m  OK  [0m] Listening on LVM2 metadata daemon socket.
[[0;32m  OK  [0m] Listening on Network Service Netlink Socket.
[[0;32m  OK  [0m] Listening on Journal Socket.
         Mounting Huge Pages File System...
         Starting Monitoring of LVM2 mirrors…ng dmeventd or progress polling...
         Starting Uncomplicated firewall...
         Starting Create list of required st…ce nodes for the current kernel...
         Mounting POSIX Message Queue File System...
         Mounting Kernel Debug File System...
         Starting udev Coldplug all Devices...
         Starting Remount Root and Kernel File Systems...
         Starting Set the console keyboard layout...
         Starting Load Kernel Modules...
         Starting Journal Service...
[[0;32m  OK  [0m] Mounted Huge Pages File System.
[   12.884360] EXT4-fs (sda1): re-mounted. Opts: (null)
[[0;32m  OK  [0m] Started Uncomplicated firewall.
[[0;32m  OK  [0m] Started Create list of required sta…vice nodes for the current kernel.
[[0;32m  OK  [0m] Mounted POSIX Message Queue File System.
[[0;32m  OK  [0m] Mounted Kernel Debug File System.
[[0;32m  OK  [0m] Started Remount Root and Kernel File Systems.
[[0;32m  OK  [0m] Started LVM2 metadata daemon.
         Starting Load/Save Random Seed...
         Starting Create Static Device Nodes in /dev...
[[0;32m  OK  [0m] Started udev Coldplug all Devices.
[   12.953279] Loading iSCSI transport class v2.0-870.
[   12.979393] iscsi: registered transport (tcp)
[[0;32m  OK  [0m] Started Journal Service.
         Starting Flush Journal to Persistent Storage...
[[0;32m  OK  [0m] Started Monitoring of LVM2 mirrors,…sing dmeventd or progress polling.
[[0;32m  OK  [0m] Started Load/Save Random Seed.
[   13.166374] iscsi: registered transport (iser)
[[0;32m  OK  [0m] Started Load Kernel Modules.
         Mounting FUSE Control File System...
         Mounting Kernel Configuration File System...
         Starting Apply Kernel Variables...
[[0;32m  OK  [0m] Mounted FUSE Control File System.
[[0;32m  OK  [0m] Mounted Kernel Configuration File System.
[   13.182321] systemd-journald[409]: Received request to flush runtime journal from PID 1
[[0;32m  OK  [0m] Started Set the console keyboard layout.
[[0;32m  OK  [0m] Started Create Static Device Nodes in /dev.
[[0;32m  OK  [0m] Reached target Local File Systems (Pre).
[[0;32m  OK  [0m] Reached target Local File Systems.
         Starting Set console font and keymap...
         Starting Tell Plymouth To Write Out Runtime Data...
         Starting AppArmor initialization...
         Starting Commit a transient machine-id on disk...
         Starting ebtables ruleset management...
         Starting udev Kernel Device Manager...
[[0;32m  OK  [0m] Started Apply Kernel Variables.
[[0;32m  OK  [0m] Started Set console font and keymap.
[[0;32m  OK  [0m] Started Flush Journal to Persistent Storage.
         Starting Create Volatile Files and Directories...
[[0;32m  OK  [0m] Started Tell Plymouth To Write Out Runtime Data.
[[0;32m  OK  [0m] Started Create Volatile Files and Directories.
         Starting Update UTMP about System Boot/Shutdown...
[[0;32m  OK  [0m] Started Update UTMP about System Boot/Shutdown.
[[0;32m  OK  [0m] Started Commit a transient machine-id on disk.
[[0;32m  OK  [0m] Started udev Kernel Device Manager.
[[0;32m  OK  [0m] Started Dispatch Password Requests to Console Directory Watch.
[[0;32m  OK  [0m] Reached target Local Encrypted Volumes.
[[0;32m  OK  [0m] Started ebtables ruleset management.
[[0;32m  OK  [0m] Found device /dev/ttyS0.
[[0;32m  OK  [0m] Listening on Load/Save RF Kill Switch Status /dev/rfkill Watch.
[[0;32m  OK  [0m] Started AppArmor initialization.
         Starting Initial cloud-init job (pre-networking)...
[   21.219134] cloud-init[557]: Cloud-init v. 19.3-41-gc4735dd3-0ubuntu1~18.04.1 running 'init-local' at Thu, 30 Jan 2020 07:31:07 +0000. Up 20.18 seconds.
[[0;32m  OK  [0m] Started Initial cloud-init job (pre-networking).
[[0;32m  OK  [0m] Reached target Network (Pre).
         Starting Network Service...
[[0;32m  OK  [0m] Started Network Service.
         Starting Wait for Network to be Configured...
         Starting Network Name Resolution...
[[0;32m  OK  [0m] Started Network Name Resolution.
[[0;32m  OK  [0m] Reached target Host and Network Name Lookups.
[[0;32m  OK  [0m] Reached target Network.
[[0;32m  OK  [0m] Started Wait for Network to be Configured.
         Starting Initial cloud-init job (metadata service crawler)...
[   23.201943] cloud-init[675]: Cloud-init v. 19.3-41-gc4735dd3-0ubuntu1~18.04.1 running 'init' at Thu, 30 Jan 2020 07:31:10 +0000. Up 22.96 seconds.
[   23.206294] cloud-init[675]: ci-info: ++++++++++++++++++++++++++++++++++++++Net device info+++++++++++++++++++++++++++++++++++++++
[   23.216716] cloud-init[675]: ci-info: +--------+-------+----------------------------+---------------+--------+-------------------+
[   23.218926] cloud-init[675]: ci-info: | Device |   Up  |          Address           |      Mask     | Scope  |     Hw-Address    |
[   23.220911] cloud-init[675]: ci-info: +--------+-------+----------------------------+---------------+--------+-------------------+
[   23.222576] cloud-init[675]: ci-info: | enp0s3 |  True |         10.0.2.15          | 255.255.255.0 | global | 02:22:e7:1f:39:14 |
[   23.224232] cloud-init[675]: ci-info: | enp0s3 |  True | fe80::22:e7ff:fe1f:3914/64 |       .       |  link  | 02:22:e7:1f:39:14 |
[   23.225926] cloud-init[675]: ci-info: | enp0s8 | False |             .              |       .       |   .    | 08:00:27:dd:df:21 |
[   23.227555] cloud-init[675]: ci-info: |   lo   |  True |         127.0.0.1          |   255.0.0.0   |  host  |         .         |
[   23.229512] cloud-init[675]: ci-info: |   lo   |  True |          ::1/128           |       .       |  host  |         .         |
[   23.240911] cloud-init[675]: ci-info: +--------+-------+----------------------------+---------------+--------+-------------------+
[   23.242783] cloud-init[675]: ci-info: ++++++++++++++++++++++++++++Route IPv4 info+++++++++++++++++++++++++++++
[   23.252129] cloud-init[675]: ci-info: +-------+-------------+----------+-----------------+-----------+-------+
[   23.253550] cloud-init[675]: ci-info: | Route | Destination | Gateway  |     Genmask     | Interface | Flags |
[   23.255052] cloud-init[675]: ci-info: +-------+-------------+----------+-----------------+-----------+-------+
[   23.256467] cloud-init[675]: ci-info: |   0   |   0.0.0.0   | 10.0.2.2 |     0.0.0.0     |   enp0s3  |   UG  |
[   23.257772] cloud-init[675]: ci-info: |   1   |   10.0.2.0  | 0.0.0.0  |  255.255.255.0  |   enp0s3  |   U   |
[   23.259137] cloud-init[675]: ci-info: |   2   |   10.0.2.2  | 0.0.0.0  | 255.255.255.255 |   enp0s3  |   UH  |
[   23.260982] cloud-init[675]: ci-info: +-------+-------------+----------+-----------------+-----------+-------+
[   23.262880] cloud-init[675]: ci-info: +++++++++++++++++++Route IPv6 info+++++++++++++++++++
[   23.264424] cloud-init[675]: ci-info: +-------+-------------+---------+-----------+-------+
[   23.265997] cloud-init[675]: ci-info: | Route | Destination | Gateway | Interface | Flags |
[   23.267238] cloud-init[675]: ci-info: +-------+-------------+---------+-----------+-------+
[   23.268429] cloud-init[675]: ci-info: |   1   |  fe80::/64  |    ::   |   enp0s3  |   U   |
[   23.269523] cloud-init[675]: ci-info: |   3   |    local    |    ::   |   enp0s3  |   U   |
[   23.270710] cloud-init[675]: ci-info: |   4   |   ff00::/8  |    ::   |   enp0s3  |   U   |
[   23.271835] cloud-init[675]: ci-info: +-------+-------------+---------+-----------+-------+
[   26.951086] cloud-init[675]: Generating public/private rsa key pair.
[   26.952702] cloud-init[675]: Your identification has been saved in /etc/ssh/ssh_host_rsa_key.
[   26.954525] cloud-init[675]: Your public key has been saved in /etc/ssh/ssh_host_rsa_key.pub.
[   26.956840] cloud-init[675]: The key fingerprint is:
[   26.958015] cloud-init[675]: SHA256:egM6jo4A23nwFpqEN9Q+2z4VS5WbQk2IqK5ec2jHtxc root@ubuntu-bionic
[   26.960093] cloud-init[675]: The key's randomart image is:
[   26.962281] cloud-init[675]: +---[RSA 2048]----+
[   26.963819] cloud-init[675]: |     . . +..     |
[   26.965858] cloud-init[675]: |   .. . o +      |
[   26.967802] cloud-init[675]: |  ...  . . o     |
[   26.968982] cloud-init[675]: | o..    + o      |
[   26.980346] cloud-init[675]: |o.= + ..S+       |
[   26.981575] cloud-init[675]: |.=.Bo* ooE       |
[   26.982934] cloud-init[675]: |o.==B+ooo .      |
[   26.984246] cloud-init[675]: |o.o=+oo..o       |
[   26.985740] cloud-init[675]: |ooo . .o.        |
[   26.987108] cloud-init[675]: +----[SHA256]-----+
[   26.988566] cloud-init[675]: Generating public/private dsa key pair.
[   26.991122] cloud-init[675]: Your identification has been saved in /etc/ssh/ssh_host_dsa_key.
[   26.993160] cloud-init[675]: Your public key has been saved in /etc/ssh/ssh_host_dsa_key.pub.
[   26.995845] cloud-init[675]: The key fingerprint is:
[   26.996985] cloud-init[675]: SHA256:/C81VycDtKbcEvoS9LXa9N59TCYrZyE2lme/Ij2HrnM root@ubuntu-bionic
[   26.999601] cloud-init[675]: The key's randomart image is:
[   27.001184] cloud-init[675]: +---[DSA 1024]----+
[   27.002302] cloud-init[675]: |           ..    |
[   27.003422] cloud-init[675]: |            ..   |
[   27.004610] cloud-init[675]: |        . . +.   |
[   27.005745] cloud-init[675]: |       o + * .o o|
[   27.006859] cloud-init[675]: |        S = +. +.|
[   27.020313] cloud-init[675]: |         + =O.* o|[
[0;32m  OK  [0m] Started Initial cloud-init job (metadata service crawler).
[[0;32m  OK  [0m] Reached target Network is Online.
[   27.022881] cloud-init[675]: |        . ++oBoO |
[   27.023677] cloud-init[675]: |         ..+.E+o=|
[[0;32m  OK  [0m] Reached target Remote File Systems (Pre).
[   27.046482] [cloud-init[0;32m  OK  [0m[675]: ] |           oB==.=|Reached target Remote File Systems.

         Starting Availability of block devices...
[   27.057610] [[0;32m  OK  [0m] Reached target System Initialization.
cloud-init[675]: +----[SHA256]-----+
[   27.059744] cloud-init[675]: Generating public/private ecdsa key pair.
[   27.061709] cloud-init[675]: Your identification has been saved in /etc/ssh/ssh_host_ecdsa_key.
[   27.063562] cloud-init[675]: Your public key has been saved in /etc/ssh/ssh_host_ecdsa_key.pub.
[   27.065449] cloud-init[675]: The key fingerprint is:
[   27.066843] cloud-init[675]: SHA256:jO9tnqvjQAuh325sYo7g4q6FQOSaSjuY9vOJa9gVp40 root@ubuntu-bionic
[   27.068950] cloud-init[675]: The key's randomart image is:
[   27.070295] cloud-init[675]: +---[ECDSA 256]---+
[   27.071447] cloud-init[675]: | .               |
[   27.072624] cloud-init[675]: |o                |
[   27.073738] cloud-init[675]: | o  .            |
[   27.074717] cloud-init[675]: |o. . o +         |
[   27.076314] cloud-init[675]: |+.. . O S        |
[   27.077839] cloud-init[675]: |=o.. E +         |
[   27.079233] cloud-init[675]: |*++ o.+ .        |
[   27.080698] cloud-init[675]: |++o=+.=o....     |
[   27.082203] cloud-init[675]: |*+o*=*..+==.     |
[   27.083860] cloud-init[675]: +----[SHA256]-----+
[   27.085724] cloud-init[675]: Generating public/private ed25519 key pair.
[   27.087513] cloud-init[675]: Your identification has been saved in /etc/ssh/ssh_host_ed25519_key.
[   27.090815] cloud-init[675]: Your public key has been saved in /etc/ssh/ssh_host_ed25519_key.pub.
[   27.093713] cloud-init[675]: The key fingerprint is:
[   27.095091] cloud-init[675]: SHA256:ySE/tUQsZRc9HXj9Vz7o10XV7/hIIO2oPhgNWq3iTmI root@ubuntu-bionic
[   27.097384] cloud-init[675]: The key's randomart image is:
[   27.099217] cloud-init[675]: +--[ED25519 256]--+
[   27.100701] cloud-init[675]: |         o+ oo.o*|
[   27.101719] cloud-init[675]: |        .o.. .o.*|
[   27.102869] cloud-init[675]: |      ....o.  o++|
[   27.103848] cloud-init[675]: |      o+.=..o. .*|
[   27.104690] cloud-init[675]: |     o +S .+.. o=|
[   27.105438] cloud-init[675]: |    o o ... ..o.o|
[   27.106215] cloud-init[675]: |  E... o .   ..o |
[   27.106986] cloud-init[675]: | . o. . o     . .|
[   27.108266] cloud-init         Starting LXD - unix socket.
[[0;32m  OK  [0m] Listening on Open-iSCSI iscsid Socket.
         [675]: |   ..  ...       |Starting Socket activation for snappy daemon.
[[0;32m  OK  [0m] Listening on ACPID Listen Socket.
[[0;32m  OK  [0m] Started Daily Cleanup of Temporary Directories.
[[0;32m  OK  [0m] Listening on D-Bus System Message Bus Socket.
[[0;32m  OK  [0m] Started Discard unused blocks once a week.
[[0;32m  OK  [0m] Started Daily apt download activities.
[[0;32m  OK  [0m] Started Daily apt upgrade and clean activities.
[[0;32m  OK  [0m] Started Message of the Day.

[   27.125868] cloud-init[675]: +----[SHA256]-----+
[[0;32m  OK  [0m] Started ACPI Events Check.
[[0;32m  OK  [0m] Reached target Paths.
[[0;32m  OK  [0m] Reached target Timers.
[[0;32m  OK  [0m] Listening on UUID daemon activation socket.
[[0;32m  OK  [0m] Reached target Cloud-config availability.
[[0;32m  OK  [0m] Started Availability of block devices.
[[0;32m  OK  [0m] Listening on LXD - unix socket.
[[0;32m  OK  [0m] Listening on Socket activation for snappy daemon.
[[0;32m  OK  [0m] Reached target Sockets.
[[0;32m  OK  [0m] Reached target Basic System.
         Starting Pollinate to seed the pseudo random number generator...
         Starting Login Service...
[[0;32m  OK  [0m] Started D-Bus System Message Bus.
         Starting LSB: automatic crash report generation...
         Starting Accounts Service...
         Starting Dispatcher daemon for systemd-networkd...
         Starting Permit User Sessions...
         Starting LSB: Record successful boot for GRUB...
         Starting LXD - container startup/shutdown...
[[0;32m  OK  [0m] Started Regular background program processing daemon.
[[0;32m  OK  [0m] Started FUSE filesystem for LXC.
         Starting System Logging Service...
         Starting Snappy daemon...
         Starting Virtualbox guest utils...
[[0;32m  OK  [0m] Started irqbalance daemon.
[[0;32m  OK  [0m] Started Deferred execution scheduler.
[[0;32m  OK  [0m] Started Permit User Sessions.
[[0;32m  OK  [0m] Started Login Service.
         Starting Authorization Manager...
[[0;32m  OK  [0m] Started Unattended Upgrades Shutdown.
         Starting Hold until boot process finishes up...
         Starting Terminate Plymouth Boot Screen...
[[0;32m  OK  [0m] Started Hold until boot process finishes up.
[[0;32m  OK  [0m] Started Serial Getty on ttyS0.
         Starting Set console scheme...
[[0;32m  OK  [0m] Started Terminate Plymouth Boot Screen.
[[0;32m  OK  [0m] Started LSB: automatic crash report generation.
[[0;32m  OK  [0m] Started Set console scheme.
[[0;32m  OK  [0m] Created slice system-getty.slice.
[[0;32m  OK  [0m] Started Getty on tty1.
[[0;32m  OK  [0m] Reached target Login Prompts.
[[0;32m  OK  [0m] Started System Logging Service.
[[0;32m  OK  [0m] Started LSB: Record successful boot for GRUB.
[[0;32m  OK  [0m] Started Authorization Manager.
[[0;32m  OK  [0m] Started Accounts Service.
[[0;32m  OK  [0m] Started Virtualbox guest utils.
[[0;32m  OK  [0m] Started Dispatcher daemon for systemd-networkd.
[[0;32m  OK  [0m] Started LXD - container startup/shutdown.
[[0;32m  OK  [0m] Started Snappy daemon.
         Starting Wait until snapd is fully seeded...
[[0;32m  OK  [0m] Started Pollinate to seed the pseudo random number generator.
         Starting OpenBSD Secure Shell server...
[[0;32m  OK  [0m] Started OpenBSD Secure Shell server.

Ubuntu 18.04.3 LTS ubuntu-bionic ttyS0

ubuntu-bionic login: [   39.686858] cloud-init[1399]: Cloud-init v. 19.3-41-gc4735dd3-0ubuntu1~18.04.1 running 'modules:config' at Thu, 30 Jan 2020 07:31:23 +0000. Up 36.49 seconds.
ci-info: no authorized ssh keys fingerprints found for user ubuntu.
<14>Jan 30 07:31:29 ec2: 
<14>Jan 30 07:31:29 ec2: #############################################################
<14>Jan 30 07:31:29 ec2: -----BEGIN SSH HOST KEY FINGERPRINTS-----
<14>Jan 30 07:31:29 ec2: 1024 SHA256:/C81VycDtKbcEvoS9LXa9N59TCYrZyE2lme/Ij2HrnM root@ubuntu-bionic (DSA)
<14>Jan 30 07:31:29 ec2: 256 SHA256:jO9tnqvjQAuh325sYo7g4q6FQOSaSjuY9vOJa9gVp40 root@ubuntu-bionic (ECDSA)
<14>Jan 30 07:31:29 ec2: 256 SHA256:ySE/tUQsZRc9HXj9Vz7o10XV7/hIIO2oPhgNWq3iTmI root@ubuntu-bionic (ED25519)
<14>Jan 30 07:31:29 ec2: 2048 SHA256:egM6jo4A23nwFpqEN9Q+2z4VS5WbQk2IqK5ec2jHtxc root@ubuntu-bionic (RSA)
<14>Jan 30 07:31:29 ec2: -----END SSH HOST KEY FINGERPRINTS-----
<14>Jan 30 07:31:29 ec2: #############################################################
-----BEGIN SSH HOST KEY KEYS-----
ecdsa-sha2-nistp256 AAAAE2VjZHNhLXNoYTItbmlzdHAyNTYAAAAIbmlzdHAyNTYAAABBBHwVO9PelYSOJwto7kw+OoWDIC51muS9klaKWUggoMT83M9JoVKgu3xe8IZql2HGq93I0+JrxXETVD3OXYtljPY= root@ubuntu-bionic
ssh-ed25519 AAAAC3NzaC1lZDI1NTE5AAAAIDamO2GPHvEak/Y8lgObfwG2RlzK0ApzgGcmBD8LyVmi root@ubuntu-bionic
ssh-rsa AAAAB3NzaC1yc2EAAAADAQABAAABAQCiKBWCVXYt5Q2DI4zJVNFw1tjaToKBQshCaHkRinrnrQJcKk16OM1joUwKgD+/HVuED/PmNmizT2hE3xSM4FqZJrHvFIy8mujuto3avf3YxVqr95k9qSIbhep/W30RBhcbc2UhzzkmMZ4UsErZ43m8bmzQ/E7uz/LhebFrGP9DeicQ0yWei3jiK2DXqMLZ+pJ3LERiuhBD2HdQvViH+ohRjOD/xLPgdSq5uPEt0UieFPmEIcd4FEavuWVzQmN+MMsoAk2KCl5ZaRrsdPozwRuoiXlhJDF2DVMJA1gmjiGm0Y0mDyIPIX9NcTQbcPre/bQ5FC2QEaWw0UaupPZ4Fjx1 root@ubuntu-bionic
-----END SSH HOST KEY KEYS-----
[   42.061371] cloud-init[1543]: Cloud-init v. 19.3-41-gc4735dd3-0ubuntu1~18.04.1 running 'modules:final' at Thu, 30 Jan 2020 07:31:27 +0000. Up 40.30 seconds.
[   42.063136] cloud-init[1543]: ci-info: no authorized ssh keys fingerprints found for user ubuntu.
[   42.064919] cloud-init[1543]: Cloud-init v. 19.3-41-gc4735dd3-0ubuntu1~18.04.1 finished at Thu, 30 Jan 2020 07:31:29 +0000. Datasource DataSourceNoCloud [seed=/dev/sdb][dsmode=net].  Up 42.05 seconds
